This file contains any messages produced by compilers while
running configure, to aid debugging if configure makes a mistake.

It was created by gstreamer-sharp configure 0.9.2, which was
generated by GNU Autoconf 2.64.  Invocation command line was

  $ ./configure --enable-maintainer-mode --enable-compile-warnings

## --------- ##
## Platform. ##
## --------- ##

hostname = ubuntu1
uname -m = i686
uname -r = 2.6.31-19-generic
uname -s = Linux
uname -v = #56-Ubuntu SMP Thu Jan 28 01:26:53 UTC 2010

/usr/bin/uname -p = unknown
/bin/uname -X     = unknown

/bin/arch              = unknown
/usr/bin/arch -k       = unknown
/usr/convex/getsysinfo = unknown
/usr/bin/hostinfo      = unknown
/bin/machine           = unknown
/usr/bin/oslevel       = unknown
/bin/universe          = unknown

PATH: /home/sysadmin/ossbuild/Build/Linux/x86/Release/bin
PATH: /home/sysadmin/ossbuild/Shared/Build/Linux/x86/bin
PATH: /home/sysadmin/ossbuild/Build/Linux/x86/Release/bin/gstreamer-0.10
PATH: /home/sysadmin/ossbuild/Build/Linux/x86/Release/bin
PATH: /home/sysadmin/ossbuild/Shared/Build/Linux/x86/bin
PATH: /usr/local/sbin
PATH: /usr/local/bin
PATH: /usr/sbin
PATH: /usr/bin
PATH: /sbin
PATH: /bin
PATH: /usr/games
PATH: /home/sysadmin/ossbuild/Tools


## ----------- ##
## Core tests. ##
## ----------- ##

configure:2526: checking build system type
configure:2540: result: i686-pc-linux-gnu
configure:2560: checking host system type
configure:2573: result: i686-pc-linux-gnu
configure:2593: checking target system type
configure:2606: result: i686-pc-linux-gnu
configure:2652: checking for a BSD-compatible install
configure:2720: result: /usr/bin/install -c
configure:2731: checking whether build environment is sane
configure:2781: result: yes
configure:2922: checking for a thread-safe mkdir -p
configure:2961: result: /bin/mkdir -p
configure:2974: checking for gawk
configure:3004: result: no
configure:2974: checking for mawk
configure:2990: found /usr/bin/mawk
configure:3001: result: mawk
configure:3012: checking whether make sets $(MAKE)
configure:3034: result: yes
configure:3115: checking whether to enable maintainer-specific portions of Makefiles
configure:3124: result: yes
configure:3186: checking for gcc
configure:3202: found /usr/bin/gcc
configure:3213: result: gcc
configure:3442: checking for C compiler version
configure:3451: gcc --version >&5
gcc (Ubuntu 4.4.1-4ubuntu9) 4.4.1
Copyright (C) 2009 Free Software Foundation, Inc.
This is free software; see the source for copying conditions.  There is NO
warranty; not even for MERCHANTABILITY or FITNESS FOR A PARTICULAR PURPOSE.

configure:3462: $? = 0
configure:3451: gcc -v >&5
Using built-in specs.
Target: i486-linux-gnu
Configured with: ../src/configure -v --with-pkgversion='Ubuntu 4.4.1-4ubuntu9' --with-bugurl=file:///usr/share/doc/gcc-4.4/README.Bugs --enable-languages=c,c++,fortran,objc,obj-c++ --prefix=/usr --enable-shared --enable-multiarch --enable-linker-build-id --with-system-zlib --libexecdir=/usr/lib --without-included-gettext --enable-threads=posix --with-gxx-include-dir=/usr/include/c++/4.4 --program-suffix=-4.4 --enable-nls --enable-clocale=gnu --enable-libstdcxx-debug --enable-objc-gc --enable-targets=all --disable-werror --with-arch-32=i486 --with-tune=generic --enable-checking=release --build=i486-linux-gnu --host=i486-linux-gnu --target=i486-linux-gnu
Thread model: posix
gcc version 4.4.1 (Ubuntu 4.4.1-4ubuntu9) 
configure:3462: $? = 0
configure:3451: gcc -V >&5
gcc: '-V' option must have argument
configure:3462: $? = 1
configure:3451: gcc -qversion >&5
gcc: unrecognized option '-qversion'
gcc: no input files
configure:3462: $? = 1
configure:3484: checking for C compiler default output file name
configure:3506: gcc  -I/home/sysadmin/ossbuild/Build/Linux/x86/Release/include -I/home/sysadmin/ossbuild/Shared/Build/Linux/x86/include  -I/home/sysadmin/ossbuild/Build/Linux/x86/Release/include -I/home/sysadmin/ossbuild/Shared/Build/Linux/x86/include  -L/home/sysadmin/ossbuild/Build/Linux/x86/Release/bin -L/home/sysadmin/ossbuild/Shared/Build/Linux/x86/bin -L/home/sysadmin/ossbuild/Build/Linux/x86/Release/lib -L/home/sysadmin/ossbuild/Shared/Build/Linux/x86/lib conftest.c  >&5
configure:3510: $? = 0
configure:3547: result: a.out
configure:3563: checking whether the C compiler works
configure:3572: ./a.out
configure:3576: $? = 0
configure:3591: result: yes
configure:3598: checking whether we are cross compiling
configure:3600: result: no
configure:3603: checking for suffix of executables
configure:3610: gcc -o conftest  -I/home/sysadmin/ossbuild/Build/Linux/x86/Release/include -I/home/sysadmin/ossbuild/Shared/Build/Linux/x86/include  -I/home/sysadmin/ossbuild/Build/Linux/x86/Release/include -I/home/sysadmin/ossbuild/Shared/Build/Linux/x86/include  -L/home/sysadmin/ossbuild/Build/Linux/x86/Release/bin -L/home/sysadmin/ossbuild/Shared/Build/Linux/x86/bin -L/home/sysadmin/ossbuild/Build/Linux/x86/Release/lib -L/home/sysadmin/ossbuild/Shared/Build/Linux/x86/lib conftest.c  >&5
configure:3614: $? = 0
configure:3636: result: 
configure:3642: checking for suffix of object files
configure:3664: gcc -c  -I/home/sysadmin/ossbuild/Build/Linux/x86/Release/include -I/home/sysadmin/ossbuild/Shared/Build/Linux/x86/include  -I/home/sysadmin/ossbuild/Build/Linux/x86/Release/include -I/home/sysadmin/ossbuild/Shared/Build/Linux/x86/include conftest.c >&5
configure:3668: $? = 0
configure:3689: result: o
configure:3693: checking whether we are using the GNU C compiler
configure:3712: gcc -c  -I/home/sysadmin/ossbuild/Build/Linux/x86/Release/include -I/home/sysadmin/ossbuild/Shared/Build/Linux/x86/include  -I/home/sysadmin/ossbuild/Build/Linux/x86/Release/include -I/home/sysadmin/ossbuild/Shared/Build/Linux/x86/include conftest.c >&5
configure:3712: $? = 0
configure:3721: result: yes
configure:3730: checking whether gcc accepts -g
configure:3750: gcc -c -g  -I/home/sysadmin/ossbuild/Build/Linux/x86/Release/include -I/home/sysadmin/ossbuild/Shared/Build/Linux/x86/include conftest.c >&5
configure:3750: $? = 0
configure:3791: result: yes
configure:3808: checking for gcc option to accept ISO C89
configure:3872: gcc  -c  -I/home/sysadmin/ossbuild/Build/Linux/x86/Release/include -I/home/sysadmin/ossbuild/Shared/Build/Linux/x86/include  -I/home/sysadmin/ossbuild/Build/Linux/x86/Release/include -I/home/sysadmin/ossbuild/Shared/Build/Linux/x86/include conftest.c >&5
configure:3872: $? = 0
configure:3885: result: none needed
configure:3916: checking for style of include used by make
configure:3944: result: GNU
configure:3969: checking dependency style of gcc
configure:4079: result: gcc3
configure:4101: checking how to run the C preprocessor
configure:4132: gcc -E  -I/home/sysadmin/ossbuild/Build/Linux/x86/Release/include -I/home/sysadmin/ossbuild/Shared/Build/Linux/x86/include conftest.c
configure:4132: $? = 0
configure:4146: gcc -E  -I/home/sysadmin/ossbuild/Build/Linux/x86/Release/include -I/home/sysadmin/ossbuild/Shared/Build/Linux/x86/include conftest.c
conftest.c:11:28: error: ac_nonexistent.h: No such file or directory
configure:4146: $? = 1
configure: failed program was:
| /* confdefs.h */
| #define PACKAGE_NAME "gstreamer-sharp"
| #define PACKAGE_TARNAME "gstreamer-sharp"
| #define PACKAGE_VERSION "0.9.2"
| #define PACKAGE_STRING "gstreamer-sharp 0.9.2"
| #define PACKAGE_BUGREPORT "http://bugzilla.gnome.org/enter_bug.cgi?product=GStreamer&component=gst-sharp"
| #define PACKAGE_URL ""
| #define PACKAGE "gstreamer-sharp"
| #define VERSION "0.9.2"
| /* end confdefs.h.  */
| #include <ac_nonexistent.h>
configure:4171: result: gcc -E
configure:4191: gcc -E  -I/home/sysadmin/ossbuild/Build/Linux/x86/Release/include -I/home/sysadmin/ossbuild/Shared/Build/Linux/x86/include conftest.c
configure:4191: $? = 0
configure:4205: gcc -E  -I/home/sysadmin/ossbuild/Build/Linux/x86/Release/include -I/home/sysadmin/ossbuild/Shared/Build/Linux/x86/include conftest.c
conftest.c:11:28: error: ac_nonexistent.h: No such file or directory
configure:4205: $? = 1
configure: failed program was:
| /* confdefs.h */
| #define PACKAGE_NAME "gstreamer-sharp"
| #define PACKAGE_TARNAME "gstreamer-sharp"
| #define PACKAGE_VERSION "0.9.2"
| #define PACKAGE_STRING "gstreamer-sharp 0.9.2"
| #define PACKAGE_BUGREPORT "http://bugzilla.gnome.org/enter_bug.cgi?product=GStreamer&component=gst-sharp"
| #define PACKAGE_URL ""
| #define PACKAGE "gstreamer-sharp"
| #define VERSION "0.9.2"
| /* end confdefs.h.  */
| #include <ac_nonexistent.h>
configure:4234: checking for grep that handles long lines and -e
configure:4292: result: /bin/grep
configure:4297: checking for egrep
configure:4359: result: /bin/grep -E
configure:4364: checking for ANSI C header files
configure:4384: gcc -c  -I/home/sysadmin/ossbuild/Build/Linux/x86/Release/include -I/home/sysadmin/ossbuild/Shared/Build/Linux/x86/include  -I/home/sysadmin/ossbuild/Build/Linux/x86/Release/include -I/home/sysadmin/ossbuild/Shared/Build/Linux/x86/include conftest.c >&5
configure:4384: $? = 0
configure:4457: gcc -o conftest  -I/home/sysadmin/ossbuild/Build/Linux/x86/Release/include -I/home/sysadmin/ossbuild/Shared/Build/Linux/x86/include  -I/home/sysadmin/ossbuild/Build/Linux/x86/Release/include -I/home/sysadmin/ossbuild/Shared/Build/Linux/x86/include  -L/home/sysadmin/ossbuild/Build/Linux/x86/Release/bin -L/home/sysadmin/ossbuild/Shared/Build/Linux/x86/bin -L/home/sysadmin/ossbuild/Build/Linux/x86/Release/lib -L/home/sysadmin/ossbuild/Shared/Build/Linux/x86/lib conftest.c  >&5
configure:4457: $? = 0
configure:4457: ./conftest
configure:4457: $? = 0
configure:4468: result: yes
configure:4534: checking for pkg-config
configure:4552: found /usr/bin/pkg-config
configure:4564: result: /usr/bin/pkg-config
configure:4589: checking pkg-config is at least version 0.9.0
configure:4592: result: yes
configure:4603: checking for MONO_DEPENDENCY
configure:4611: $PKG_CONFIG --exists --print-errors "mono >= $MONO_REQUIRED_VERSION"
Package mono was not found in the pkg-config search path.
Perhaps you should add the directory containing `mono.pc'
to the PKG_CONFIG_PATH environment variable
No package 'mono' found
configure:4614: $? = 1
configure:4629: $PKG_CONFIG --exists --print-errors "mono >= $MONO_REQUIRED_VERSION"
Package mono was not found in the pkg-config search path.
Perhaps you should add the directory containing `mono.pc'
to the PKG_CONFIG_PATH environment variable
No package 'mono' found
configure:4632: $? = 1
No package 'mono' found
configure:4660: result: no
configure:4698: checking for a sed that does not truncate output
configure:4762: result: /bin/sed
configure:4780: checking for fgrep
configure:4842: result: /bin/grep -F
configure:4877: checking for ld used by gcc
configure:4944: result: /usr/bin/ld
configure:4951: checking if the linker (/usr/bin/ld) is GNU ld
configure:4966: result: yes
configure:4978: checking for BSD- or MS-compatible name lister (nm)
configure:5027: result: /usr/bin/nm -B
configure:5145: checking the name lister (/usr/bin/nm -B) interface
configure:5152: gcc -c  -I/home/sysadmin/ossbuild/Build/Linux/x86/Release/include -I/home/sysadmin/ossbuild/Shared/Build/Linux/x86/include  -I/home/sysadmin/ossbuild/Build/Linux/x86/Release/include -I/home/sysadmin/ossbuild/Shared/Build/Linux/x86/include conftest.c >&5
configure:5155: /usr/bin/nm -B "conftest.o"
configure:5158: output
00000000 B some_variable
configure:5165: result: BSD nm
configure:5168: checking whether ln -s works
configure:5172: result: yes
configure:5180: checking the maximum length of command line arguments
configure:5300: result: 1572864
configure:5317: checking whether the shell understands some XSI constructs
configure:5327: result: yes
configure:5331: checking whether the shell understands "+="
configure:5337: result: yes
configure:5372: checking for /usr/bin/ld option to reload object files
configure:5379: result: -r
configure:5448: checking for objdump
configure:5464: found /usr/bin/objdump
configure:5475: result: objdump
configure:5507: checking how to recognize dependent libraries
configure:5703: result: pass_all
configure:5763: checking for ar
configure:5779: found /usr/bin/ar
configure:5790: result: ar
configure:5868: checking for strip
configure:5884: found /usr/bin/strip
configure:5895: result: strip
configure:5967: checking for ranlib
configure:5983: found /usr/bin/ranlib
configure:5994: result: ranlib
configure:6084: checking command to parse /usr/bin/nm -B output from gcc object
configure:6202: gcc -c  -I/home/sysadmin/ossbuild/Build/Linux/x86/Release/include -I/home/sysadmin/ossbuild/Shared/Build/Linux/x86/include  -I/home/sysadmin/ossbuild/Build/Linux/x86/Release/include -I/home/sysadmin/ossbuild/Shared/Build/Linux/x86/include conftest.c >&5
configure:6205: $? = 0
configure:6209: /usr/bin/nm -B conftest.o \| sed -n -e 's/^.*[	 ]\([ABCDGIRSTW][ABCDGIRSTW]*\)[	 ][	 ]*\([_A-Za-z][_A-Za-z0-9]*\)$/\1 \2 \2/p' \> conftest.nm
configure:6212: $? = 0
configure:6266: gcc -o conftest  -I/home/sysadmin/ossbuild/Build/Linux/x86/Release/include -I/home/sysadmin/ossbuild/Shared/Build/Linux/x86/include  -I/home/sysadmin/ossbuild/Build/Linux/x86/Release/include -I/home/sysadmin/ossbuild/Shared/Build/Linux/x86/include  -L/home/sysadmin/ossbuild/Build/Linux/x86/Release/bin -L/home/sysadmin/ossbuild/Shared/Build/Linux/x86/bin -L/home/sysadmin/ossbuild/Build/Linux/x86/Release/lib -L/home/sysadmin/ossbuild/Shared/Build/Linux/x86/lib conftest.c conftstm.o >&5
configure:6269: $? = 0
configure:6307: result: ok
configure:7115: checking for sys/types.h
configure:7115: gcc -c  -I/home/sysadmin/ossbuild/Build/Linux/x86/Release/include -I/home/sysadmin/ossbuild/Shared/Build/Linux/x86/include  -I/home/sysadmin/ossbuild/Build/Linux/x86/Release/include -I/home/sysadmin/ossbuild/Shared/Build/Linux/x86/include conftest.c >&5
configure:7115: $? = 0
configure:7115: result: yes
configure:7115: checking for sys/stat.h
configure:7115: gcc -c  -I/home/sysadmin/ossbuild/Build/Linux/x86/Release/include -I/home/sysadmin/ossbuild/Shared/Build/Linux/x86/include  -I/home/sysadmin/ossbuild/Build/Linux/x86/Release/include -I/home/sysadmin/ossbuild/Shared/Build/Linux/x86/include conftest.c >&5
configure:7115: $? = 0
configure:7115: result: yes
configure:7115: checking for stdlib.h
configure:7115: gcc -c  -I/home/sysadmin/ossbuild/Build/Linux/x86/Release/include -I/home/sysadmin/ossbuild/Shared/Build/Linux/x86/include  -I/home/sysadmin/ossbuild/Build/Linux/x86/Release/include -I/home/sysadmin/ossbuild/Shared/Build/Linux/x86/include conftest.c >&5
configure:7115: $? = 0
configure:7115: result: yes
configure:7115: checking for string.h
configure:7115: gcc -c  -I/home/sysadmin/ossbuild/Build/Linux/x86/Release/include -I/home/sysadmin/ossbuild/Shared/Build/Linux/x86/include  -I/home/sysadmin/ossbuild/Build/Linux/x86/Release/include -I/home/sysadmin/ossbuild/Shared/Build/Linux/x86/include conftest.c >&5
configure:7115: $? = 0
configure:7115: result: yes
configure:7115: checking for memory.h
configure:7115: gcc -c  -I/home/sysadmin/ossbuild/Build/Linux/x86/Release/include -I/home/sysadmin/ossbuild/Shared/Build/Linux/x86/include  -I/home/sysadmin/ossbuild/Build/Linux/x86/Release/include -I/home/sysadmin/ossbuild/Shared/Build/Linux/x86/include conftest.c >&5
configure:7115: $? = 0
configure:7115: result: yes
configure:7115: checking for strings.h
configure:7115: gcc -c  -I/home/sysadmin/ossbuild/Build/Linux/x86/Release/include -I/home/sysadmin/ossbuild/Shared/Build/Linux/x86/include  -I/home/sysadmin/ossbuild/Build/Linux/x86/Release/include -I/home/sysadmin/ossbuild/Shared/Build/Linux/x86/include conftest.c >&5
configure:7115: $? = 0
configure:7115: result: yes
configure:7115: checking for inttypes.h
configure:7115: gcc -c  -I/home/sysadmin/ossbuild/Build/Linux/x86/Release/include -I/home/sysadmin/ossbuild/Shared/Build/Linux/x86/include  -I/home/sysadmin/ossbuild/Build/Linux/x86/Release/include -I/home/sysadmin/ossbuild/Shared/Build/Linux/x86/include conftest.c >&5
configure:7115: $? = 0

## ---------------- ##
## Cache variables. ##
## ---------------- ##

ac_cv_build=i686-pc-linux-gnu
ac_cv_c_compiler_gnu=yes
ac_cv_env_CC_set=
ac_cv_env_CC_value=
ac_cv_env_CFLAGS_set=set
ac_cv_env_CFLAGS_value=' -I/home/sysadmin/ossbuild/Build/Linux/x86/Release/include -I/home/sysadmin/ossbuild/Shared/Build/Linux/x86/include'
ac_cv_env_CPPFLAGS_set=set
ac_cv_env_CPPFLAGS_value=' -I/home/sysadmin/ossbuild/Build/Linux/x86/Release/include -I/home/sysadmin/ossbuild/Shared/Build/Linux/x86/include'
ac_cv_env_CPP_set=
ac_cv_env_CPP_value=
ac_cv_env_GLIB_CFLAGS_set=
ac_cv_env_GLIB_CFLAGS_value=
ac_cv_env_GLIB_LIBS_set=
ac_cv_env_GLIB_LIBS_value=
ac_cv_env_GLIB_SHARP_CFLAGS_set=
ac_cv_env_GLIB_SHARP_CFLAGS_value=
ac_cv_env_GLIB_SHARP_LIBS_set=
ac_cv_env_GLIB_SHARP_LIBS_value=
ac_cv_env_GST_CFLAGS_set=
ac_cv_env_GST_CFLAGS_value=
ac_cv_env_GST_LIBS_set=
ac_cv_env_GST_LIBS_value=
ac_cv_env_GTK_2_17_3_CFLAGS_set=
ac_cv_env_GTK_2_17_3_CFLAGS_value=
ac_cv_env_GTK_2_17_3_LIBS_set=
ac_cv_env_GTK_2_17_3_LIBS_value=
ac_cv_env_GTK_SHARP_CFLAGS_set=
ac_cv_env_GTK_SHARP_CFLAGS_value=
ac_cv_env_GTK_SHARP_LIBS_set=
ac_cv_env_GTK_SHARP_LIBS_value=
ac_cv_env_LDFLAGS_set=set
ac_cv_env_LDFLAGS_value=' -L/home/sysadmin/ossbuild/Build/Linux/x86/Release/bin -L/home/sysadmin/ossbuild/Shared/Build/Linux/x86/bin -L/home/sysadmin/ossbuild/Build/Linux/x86/Release/lib -L/home/sysadmin/ossbuild/Shared/Build/Linux/x86/lib'
ac_cv_env_LIBS_set=
ac_cv_env_LIBS_value=
ac_cv_env_MONODOC_DEPENDENCY_CFLAGS_set=
ac_cv_env_MONODOC_DEPENDENCY_CFLAGS_value=
ac_cv_env_MONODOC_DEPENDENCY_LIBS_set=
ac_cv_env_MONODOC_DEPENDENCY_LIBS_value=
ac_cv_env_MONO_CAIRO_CFLAGS_set=
ac_cv_env_MONO_CAIRO_CFLAGS_value=
ac_cv_env_MONO_CAIRO_LIBS_set=
ac_cv_env_MONO_CAIRO_LIBS_value=
ac_cv_env_MONO_DEPENDENCY_CFLAGS_set=
ac_cv_env_MONO_DEPENDENCY_CFLAGS_value=
ac_cv_env_MONO_DEPENDENCY_LIBS_set=
ac_cv_env_MONO_DEPENDENCY_LIBS_value=
ac_cv_env_MONO_NUNIT_CFLAGS_set=
ac_cv_env_MONO_NUNIT_CFLAGS_value=
ac_cv_env_MONO_NUNIT_LIBS_set=
ac_cv_env_MONO_NUNIT_LIBS_value=
ac_cv_env_PKG_CONFIG_set=
ac_cv_env_PKG_CONFIG_value=
ac_cv_env_build_alias_set=
ac_cv_env_build_alias_value=
ac_cv_env_host_alias_set=
ac_cv_env_host_alias_value=
ac_cv_env_target_alias_set=
ac_cv_env_target_alias_value=
ac_cv_header_inttypes_h=yes
ac_cv_header_memory_h=yes
ac_cv_header_stdc=yes
ac_cv_header_stdlib_h=yes
ac_cv_header_string_h=yes
ac_cv_header_strings_h=yes
ac_cv_header_sys_stat_h=yes
ac_cv_header_sys_types_h=yes
ac_cv_host=i686-pc-linux-gnu
ac_cv_objext=o
ac_cv_path_EGREP='/bin/grep -E'
ac_cv_path_FGREP='/bin/grep -F'
ac_cv_path_GREP=/bin/grep
ac_cv_path_SED=/bin/sed
ac_cv_path_ac_pt_PKG_CONFIG=/usr/bin/pkg-config
ac_cv_path_install='/usr/bin/install -c'
ac_cv_path_mkdir=/bin/mkdir
ac_cv_prog_AWK=mawk
ac_cv_prog_CPP='gcc -E'
ac_cv_prog_ac_ct_AR=ar
ac_cv_prog_ac_ct_CC=gcc
ac_cv_prog_ac_ct_OBJDUMP=objdump
ac_cv_prog_ac_ct_RANLIB=ranlib
ac_cv_prog_ac_ct_STRIP=strip
ac_cv_prog_cc_c89=
ac_cv_prog_cc_g=yes
ac_cv_prog_make_make_set=yes
ac_cv_target=i686-pc-linux-gnu
am_cv_CC_dependencies_compiler_type=gcc3
lt_cv_deplibs_check_method=pass_all
lt_cv_file_magic_cmd='$MAGIC_CMD'
lt_cv_file_magic_test_file=
lt_cv_ld_reload_flag=-r
lt_cv_nm_interface='BSD nm'
lt_cv_path_LD=/usr/bin/ld
lt_cv_path_NM='/usr/bin/nm -B'
lt_cv_prog_gnu_ld=yes
lt_cv_sys_global_symbol_pipe='sed -n -e '\''s/^.*[	 ]\([ABCDGIRSTW][ABCDGIRSTW]*\)[	 ][	 ]*\([_A-Za-z][_A-Za-z0-9]*\)$/\1 \2 \2/p'\'''
lt_cv_sys_global_symbol_to_c_name_address='sed -n -e '\''s/^: \([^ ]*\) $/  {\"\1\", (void *) 0},/p'\'' -e '\''s/^[ABCDGIRSTW]* \([^ ]*\) \([^ ]*\)$/  {"\2", (void *) \&\2},/p'\'''
lt_cv_sys_global_symbol_to_c_name_address_lib_prefix='sed -n -e '\''s/^: \([^ ]*\) $/  {\"\1\", (void *) 0},/p'\'' -e '\''s/^[ABCDGIRSTW]* \([^ ]*\) \(lib[^ ]*\)$/  {"\2", (void *) \&\2},/p'\'' -e '\''s/^[ABCDGIRSTW]* \([^ ]*\) \([^ ]*\)$/  {"lib\2", (void *) \&\2},/p'\'''
lt_cv_sys_global_symbol_to_cdecl='sed -n -e '\''s/^T .* \(.*\)$/extern int \1();/p'\'' -e '\''s/^[ABCDGIRSTW]* .* \(.*\)$/extern char \1;/p'\'''
lt_cv_sys_max_cmd_len=1572864

## ----------------- ##
## Output variables. ##
## ----------------- ##

ACLOCAL='${SHELL} /home/sysadmin/ossbuild/Main/GStreamer/Source/gstreamer-sharp/missing --run aclocal-1.11'
AMDEPBACKSLASH='\'
AMDEP_FALSE='#'
AMDEP_TRUE=''
AMTAR='${SHELL} /home/sysadmin/ossbuild/Main/GStreamer/Source/gstreamer-sharp/missing --run tar'
API_VERSION='0.9.2.0'
AR='ar'
AUTOCONF='${SHELL} /home/sysadmin/ossbuild/Main/GStreamer/Source/gstreamer-sharp/missing --run autoconf'
AUTOHEADER='${SHELL} /home/sysadmin/ossbuild/Main/GStreamer/Source/gstreamer-sharp/missing --run autoheader'
AUTOMAKE='${SHELL} /home/sysadmin/ossbuild/Main/GStreamer/Source/gstreamer-sharp/missing --run automake-1.11'
AWK='mawk'
CC='gcc'
CCDEPMODE='depmode=gcc3'
CFLAGS=' -I/home/sysadmin/ossbuild/Build/Linux/x86/Release/include -I/home/sysadmin/ossbuild/Shared/Build/Linux/x86/include'
CPP='gcc -E'
CPPFLAGS=' -I/home/sysadmin/ossbuild/Build/Linux/x86/Release/include -I/home/sysadmin/ossbuild/Shared/Build/Linux/x86/include'
CSC=''
CYGPATH_W='echo'
DEFS=''
DEPDIR='.deps'
DSYMUTIL=''
DUMPBIN=''
ECHO_C=''
ECHO_N='-n'
ECHO_T=''
EGREP='/bin/grep -E'
ENABLE_MONODOC_FALSE=''
ENABLE_MONODOC_TRUE=''
ENABLE_TESTS_FALSE=''
ENABLE_TESTS_TRUE=''
EXEEXT=''
FGREP='/bin/grep -F'
GACUTIL=''
GACUTIL_FLAGS=''
GENERATED_SOURCES=''
GLIB_CFLAGS=''
GLIB_LIBS=''
GLIB_SHARP_CFLAGS=''
GLIB_SHARP_LIBS=''
GREP='/bin/grep'
GSTREAMER_PLUGINS_REQUIRED_VERSION=''
GSTREAMER_REQUIRED_VERSION=''
GST_CFLAGS=''
GST_LIBS=''
GTK_2_17_3_CFLAGS=''
GTK_2_17_3_LIBS=''
GTK_SHARP_CFLAGS=''
GTK_SHARP_LIBS=''
HAVE_GLIB_SHARP_FALSE=''
HAVE_GLIB_SHARP_TRUE=''
HAVE_GTK_SHARP_FALSE=''
HAVE_GTK_SHARP_TRUE=''
HAVE_MONO_CAIRO_FALSE=''
HAVE_MONO_CAIRO_TRUE=''
INSTALL_DATA='${INSTALL} -m 644'
INSTALL_PROGRAM='${INSTALL}'
INSTALL_SCRIPT='${INSTALL}'
INSTALL_STRIP_PROGRAM='$(install_sh) -c -s'
LD='/usr/bin/ld'
LDFLAGS=' -L/home/sysadmin/ossbuild/Build/Linux/x86/Release/bin -L/home/sysadmin/ossbuild/Shared/Build/Linux/x86/bin -L/home/sysadmin/ossbuild/Build/Linux/x86/Release/lib -L/home/sysadmin/ossbuild/Shared/Build/Linux/x86/lib'
LIBOBJS=''
LIBS=''
LIBTOOL=''
LIB_PREFIX=''
LIB_SUFFIX=''
LIPO=''
LN_S='ln -s'
LTLIBOBJS=''
MAINT=''
MAINTAINER_MODE_FALSE='#'
MAINTAINER_MODE_TRUE=''
MAKEINFO='${SHELL} /home/sysadmin/ossbuild/Main/GStreamer/Source/gstreamer-sharp/missing --run makeinfo'
MDASSEMBLER=''
MKDIR_P='/bin/mkdir -p'
MONO=''
MONODOCER=''
MONODOCS2HTML=''
MONODOC_DEPENDENCY_CFLAGS=''
MONODOC_DEPENDENCY_LIBS=''
MONODOC_REQUIRED_VERSION=''
MONO_CAIRO_CFLAGS=''
MONO_CAIRO_LIBS=''
MONO_DEPENDENCY_CFLAGS=''
MONO_DEPENDENCY_LIBS=''
MONO_NUNIT_CFLAGS=''
MONO_NUNIT_LIBS=''
MONO_REQUIRED_VERSION='2.4'
NM='/usr/bin/nm -B'
NMEDIT=''
NUNIT_TESTER=''
OBJDUMP='objdump'
OBJEXT='o'
OFF_T_FLAGS=''
OTOOL64=''
OTOOL=''
PACKAGE='gstreamer-sharp'
PACKAGE_BUGREPORT='http://bugzilla.gnome.org/enter_bug.cgi?product=GStreamer&component=gst-sharp'
PACKAGE_NAME='gstreamer-sharp'
PACKAGE_STRING='gstreamer-sharp 0.9.2'
PACKAGE_TARNAME='gstreamer-sharp'
PACKAGE_URL=''
PACKAGE_VERSION='gstreamer-sharp-0.10'
PATH_SEPARATOR=':'
PKG_CONFIG='/usr/bin/pkg-config'
RANLIB='ranlib'
RUNTIME=''
SED='/bin/sed'
SET_MAKE=''
SHELL='/bin/bash'
STRIP='strip'
USE_MONO_COMPILER_FALSE=''
USE_MONO_COMPILER_TRUE=''
VERSION='0.9.2'
WIN64DEFINES=''
ac_ct_CC='gcc'
ac_ct_DUMPBIN=''
am__EXEEXT_FALSE=''
am__EXEEXT_TRUE=''
am__fastdepCC_FALSE='#'
am__fastdepCC_TRUE=''
am__include='include'
am__isrc=''
am__leading_dot='.'
am__quote=''
am__tar='${AMTAR} chof - "$$tardir"'
am__untar='${AMTAR} xf -'
bindir='${exec_prefix}/bin'
build='i686-pc-linux-gnu'
build_alias=''
build_cpu='i686'
build_os='linux-gnu'
build_vendor='pc'
datadir='${datarootdir}'
datarootdir='${prefix}/share'
docdir='${datarootdir}/doc/${PACKAGE_TARNAME}'
dvidir='${docdir}'
exec_prefix='NONE'
host='i686-pc-linux-gnu'
host_alias=''
host_cpu='i686'
host_os='linux-gnu'
host_vendor='pc'
htmldir='${docdir}'
includedir='${prefix}/include'
infodir='${datarootdir}/info'
install_sh='${SHELL} /home/sysadmin/ossbuild/Main/GStreamer/Source/gstreamer-sharp/install-sh'
libdir='${exec_prefix}/lib'
libexecdir='${exec_prefix}/libexec'
localedir='${datarootdir}/locale'
localstatedir='${prefix}/var'
lt_ECHO='echo'
mandir='${datarootdir}/man'
mkdir_p='/bin/mkdir -p'
oldincludedir='/usr/include'
pdfdir='${docdir}'
prefix='NONE'
program_transform_name='s,x,x,'
psdir='${docdir}'
sbindir='${exec_prefix}/sbin'
sharedstatedir='${prefix}/com'
sysconfdir='${prefix}/etc'
target='i686-pc-linux-gnu'
target_alias=''
target_cpu='i686'
target_os='linux-gnu'
target_vendor='pc'

## ----------- ##
## confdefs.h. ##
## ----------- ##

/* confdefs.h */
#define PACKAGE_NAME "gstreamer-sharp"
#define PACKAGE_TARNAME "gstreamer-sharp"
#define PACKAGE_VERSION "0.9.2"
#define PACKAGE_STRING "gstreamer-sharp 0.9.2"
#define PACKAGE_BUGREPORT "http://bugzilla.gnome.org/enter_bug.cgi?product=GStreamer&component=gst-sharp"
#define PACKAGE_URL ""
#define PACKAGE "gstreamer-sharp"
#define VERSION "0.9.2"
#define STDC_HEADERS 1
#define HAVE_SYS_TYPES_H 1
#define HAVE_SYS_STAT_H 1
#define HAVE_STDLIB_H 1
#define HAVE_STRING_H 1
#define HAVE_MEMORY_H 1
#define HAVE_STRINGS_H 1

configure: caught signal 2
configure: exit 1
